<?xml version="1.0" encoding="UTF-8"?>
<coverage generated="1746635336912" clover="3.2.0">
  <project timestamp="1746635336912" name="All files">
    <metrics statements="35" coveredstatements="24" conditionals="5" coveredconditionals="5" methods="4" coveredmethods="4" elements="44" coveredelements="33" complexity="0" loc="35" ncloc="35" packages="1" files="3" classes="3"/>
    <file name="Button.tsx" path="/Users/sebastiandemaria/Desktop/Challenges/n5Challenge/n5Host/src/components/ui/Button.tsx">
      <metrics statements="8" coveredstatements="8" conditionals="1" coveredconditionals="1" methods="1" coveredmethods="1"/>
      <line num="2" count="1" type="stmt"/>
      <line num="8" count="1" type="cond" truecount="1" falsecount="0"/>
      <line num="9" count="3" type="stmt"/>
      <line num="10" count="3" type="stmt"/>
      <line num="11" count="3" type="stmt"/>
      <line num="12" count="3" type="stmt"/>
      <line num="14" count="3" type="stmt"/>
      <line num="16" count="1" type="stmt"/>
    </file>
    <file name="Select.tsx" path="/Users/sebastiandemaria/Desktop/Challenges/n5Challenge/n5Host/src/components/ui/Select.tsx">
      <metrics statements="16" coveredstatements="16" conditionals="3" coveredconditionals="3" methods="2" coveredmethods="2"/>
      <line num="2" count="1" type="stmt"/>
      <line num="10" count="1" type="cond" truecount="1" falsecount="0"/>
      <line num="11" count="3" type="stmt"/>
      <line num="12" count="3" type="stmt"/>
      <line num="13" count="3" type="stmt"/>
      <line num="14" count="3" type="stmt"/>
      <line num="15" count="3" type="stmt"/>
      <line num="16" count="3" type="cond" truecount="1" falsecount="0"/>
      <line num="18" count="3" type="cond" truecount="1" falsecount="0"/>
      <line num="19" count="6" type="stmt"/>
      <line num="20" count="6" type="stmt"/>
      <line num="21" count="6" type="stmt"/>
      <line num="22" count="3" type="stmt"/>
      <line num="23" count="3" type="stmt"/>
      <line num="25" count="3" type="stmt"/>
      <line num="27" count="1" type="stmt"/>
    </file>
    <file name="Spinner.tsx" path="/Users/sebastiandemaria/Desktop/Challenges/n5Challenge/n5Host/src/components/ui/Spinner.tsx">
      <metrics statements="11" coveredstatements="0" conditionals="1" coveredconditionals="1" methods="1" coveredmethods="1"/>
      <line num="2" count="0" type="stmt"/>
      <line num="4" count="0" type="stmt"/>
      <line num="5" count="0" type="stmt"/>
      <line num="6" count="0" type="stmt"/>
      <line num="7" count="0" type="stmt"/>
      <line num="8" count="0" type="stmt"/>
      <line num="10" count="0" type="stmt"/>
      <line num="12" count="0" type="stmt"/>
      <line num="18" count="0" type="stmt"/>
      <line num="25" count="0" type="stmt"/>
      <line num="31" count="0" type="stmt"/>
    </file>
  </project>
</coverage>
