{
    "/Users/sebastiandemaria/Desktop/Challenges/n5Challenge/n5Host/src/components/ui/Button.tsx": {
        "path": "/Users/sebastiandemaria/Desktop/Challenges/n5Challenge/n5Host/src/components/ui/Button.tsx",
        "all": false,
        "statementMap": {
            "1": {
                "start": { "line": 2, "column": 0 },
                "end": { "line": 2, "column": 39 }
            },
            "7": {
                "start": { "line": 8, "column": 0 },
                "end": { "line": 8, "column": 74 }
            },
            "8": {
                "start": { "line": 9, "column": 0 },
                "end": { "line": 9, "column": 12 }
            },
            "9": {
                "start": { "line": 10, "column": 0 },
                "end": { "line": 10, "column": 52 }
            },
            "10": {
                "start": { "line": 11, "column": 0 },
                "end": { "line": 11, "column": 22 }
            },
            "11": {
                "start": { "line": 12, "column": 0 },
                "end": { "line": 12, "column": 23 }
            },
            "13": {
                "start": { "line": 14, "column": 0 },
                "end": { "line": 14, "column": 2 }
            },
            "15": {
                "start": { "line": 16, "column": 0 },
                "end": { "line": 16, "column": 35 }
            }
        },
        "s": {
            "1": 1,
            "7": 1,
            "8": 3,
            "9": 3,
            "10": 3,
            "11": 3,
            "13": 3,
            "15": 1
        },
        "branchMap": {
            "0": {
                "type": "branch",
                "line": 8,
                "loc": {
                    "start": { "line": 8, "column": 45 },
                    "end": { "line": 14, "column": 2 }
                },
                "locations": [
                    {
                        "start": { "line": 8, "column": 45 },
                        "end": { "line": 14, "column": 2 }
                    }
                ]
            }
        },
        "b": { "0": [3] },
        "fnMap": {
            "0": {
                "name": "Button",
                "decl": {
                    "start": { "line": 8, "column": 45 },
                    "end": { "line": 14, "column": 2 }
                },
                "loc": {
                    "start": { "line": 8, "column": 45 },
                    "end": { "line": 14, "column": 2 }
                },
                "line": 8
            }
        },
        "f": { "0": 3 }
    },
    "/Users/sebastiandemaria/Desktop/Challenges/n5Challenge/n5Host/src/components/ui/Select.tsx": {
        "path": "/Users/sebastiandemaria/Desktop/Challenges/n5Challenge/n5Host/src/components/ui/Select.tsx",
        "all": false,
        "statementMap": {
            "1": {
                "start": { "line": 2, "column": 0 },
                "end": { "line": 2, "column": 39 }
            },
            "9": {
                "start": { "line": 10, "column": 0 },
                "end": { "line": 10, "column": 80 }
            },
            "10": {
                "start": { "line": 11, "column": 0 },
                "end": { "line": 11, "column": 12 }
            },
            "11": {
                "start": { "line": 12, "column": 0 },
                "end": { "line": 12, "column": 21 }
            },
            "12": {
                "start": { "line": 13, "column": 0 },
                "end": { "line": 13, "column": 30 }
            },
            "13": {
                "start": { "line": 14, "column": 0 },
                "end": { "line": 14, "column": 31 }
            },
            "14": {
                "start": { "line": 15, "column": 0 },
                "end": { "line": 15, "column": 25 }
            },
            "15": {
                "start": { "line": 16, "column": 0 },
                "end": { "line": 16, "column": 54 }
            },
            "17": {
                "start": { "line": 18, "column": 0 },
                "end": { "line": 18, "column": 38 }
            },
            "18": {
                "start": { "line": 19, "column": 0 },
                "end": { "line": 19, "column": 79 }
            },
            "19": {
                "start": { "line": 20, "column": 0 },
                "end": { "line": 20, "column": 42 }
            },
            "20": {
                "start": { "line": 21, "column": 0 },
                "end": { "line": 21, "column": 25 }
            },
            "21": {
                "start": { "line": 22, "column": 0 },
                "end": { "line": 22, "column": 15 }
            },
            "22": {
                "start": { "line": 23, "column": 0 },
                "end": { "line": 23, "column": 23 }
            },
            "24": {
                "start": { "line": 25, "column": 0 },
                "end": { "line": 25, "column": 2 }
            },
            "26": {
                "start": { "line": 27, "column": 0 },
                "end": { "line": 27, "column": 66 }
            }
        },
        "s": {
            "1": 1,
            "9": 1,
            "10": 3,
            "11": 3,
            "12": 3,
            "13": 3,
            "14": 3,
            "15": 3,
            "17": 3,
            "18": 6,
            "19": 6,
            "20": 6,
            "21": 3,
            "22": 3,
            "24": 3,
            "26": 1
        },
        "branchMap": {
            "0": {
                "type": "branch",
                "line": 10,
                "loc": {
                    "start": { "line": 10, "column": 45 },
                    "end": { "line": 25, "column": 2 }
                },
                "locations": [
                    {
                        "start": { "line": 10, "column": 45 },
                        "end": { "line": 25, "column": 2 }
                    }
                ]
            },
            "1": {
                "type": "branch",
                "line": 16,
                "loc": {
                    "start": { "line": 16, "column": 22 },
                    "end": { "line": 16, "column": 54 }
                },
                "locations": [
                    {
                        "start": { "line": 16, "column": 22 },
                        "end": { "line": 16, "column": 54 }
                    }
                ]
            },
            "2": {
                "type": "branch",
                "line": 18,
                "loc": {
                    "start": { "line": 18, "column": 25 },
                    "end": { "line": 21, "column": 25 }
                },
                "locations": [
                    {
                        "start": { "line": 18, "column": 25 },
                        "end": { "line": 21, "column": 25 }
                    }
                ]
            }
        },
        "b": { "0": [3], "1": [1], "2": [6] },
        "fnMap": {
            "0": {
                "name": "Select",
                "decl": {
                    "start": { "line": 10, "column": 45 },
                    "end": { "line": 25, "column": 2 }
                },
                "loc": {
                    "start": { "line": 10, "column": 45 },
                    "end": { "line": 25, "column": 2 }
                },
                "line": 10
            },
            "1": {
                "name": "onChange",
                "decl": {
                    "start": { "line": 16, "column": 22 },
                    "end": { "line": 16, "column": 54 }
                },
                "loc": {
                    "start": { "line": 16, "column": 22 },
                    "end": { "line": 16, "column": 54 }
                },
                "line": 16
            }
        },
        "f": { "0": 3, "1": 1 }
    },
    "/Users/sebastiandemaria/Desktop/Challenges/n5Challenge/n5Host/src/components/ui/Spinner.tsx": {
        "path": "/Users/sebastiandemaria/Desktop/Challenges/n5Challenge/n5Host/src/components/ui/Spinner.tsx",
        "all": true,
        "statementMap": {
            "1": {
                "start": { "line": 2, "column": 0 },
                "end": { "line": 2, "column": 54 }
            },
            "3": {
                "start": { "line": 4, "column": 0 },
                "end": { "line": 4, "column": 40 }
            },
            "4": {
                "start": { "line": 5, "column": 0 },
                "end": { "line": 5, "column": 12 }
            },
            "5": {
                "start": { "line": 6, "column": 0 },
                "end": { "line": 6, "column": 44 }
            },
            "6": {
                "start": { "line": 7, "column": 0 },
                "end": { "line": 7, "column": 57 }
            },
            "7": {
                "start": { "line": 8, "column": 0 },
                "end": { "line": 8, "column": 25 }
            },
            "9": {
                "start": { "line": 10, "column": 0 },
                "end": { "line": 10, "column": 2 }
            },
            "11": {
                "start": { "line": 12, "column": 0 },
                "end": { "line": 12, "column": 23 }
            },
            "17": {
                "start": { "line": 18, "column": 0 },
                "end": { "line": 18, "column": 34 }
            },
            "24": {
                "start": { "line": 25, "column": 0 },
                "end": { "line": 25, "column": 33 }
            },
            "30": {
                "start": { "line": 31, "column": 0 },
                "end": { "line": 31, "column": 42 }
            }
        },
        "s": {
            "1": 0,
            "3": 0,
            "4": 0,
            "5": 0,
            "6": 0,
            "7": 0,
            "9": 0,
            "11": 0,
            "17": 0,
            "24": 0,
            "30": 0
        },
        "branchMap": {
            "0": {
                "type": "branch",
                "line": 1,
                "loc": {
                    "start": { "line": 1, "column": 672 },
                    "end": { "line": 32, "column": 2 }
                },
                "locations": [
                    {
                        "start": { "line": 1, "column": 672 },
                        "end": { "line": 32, "column": 2 }
                    }
                ]
            }
        },
        "b": { "0": [1] },
        "fnMap": {
            "0": {
                "name": "(empty-report)",
                "decl": {
                    "start": { "line": 1, "column": 672 },
                    "end": { "line": 32, "column": 2 }
                },
                "loc": {
                    "start": { "line": 1, "column": 672 },
                    "end": { "line": 32, "column": 2 }
                },
                "line": 1
            }
        },
        "f": { "0": 1 }
    }
}
